# JRE version: Java(TM) SE Runtime Environment (14.0.2+12) (build 14.0.2+12-46)
# Java VM: Java HotSpot(TM) 64-Bit Server VM (14.0.2+12-46, mixed mode, sharing, tiered, compressed oops, g1 gc, windows-amd64)
Heap:
 garbage-first heap   total 84992K, used 65932K [0x00000000a1e00000, 0x0000000100000000)
  region size 1024K, 45 young (46080K), 4 survivors (4096K)
 Metaspace       used 55509K, capacity 57057K, committed 57216K, reserved 1097728K
  class space    used 7459K, capacity 8045K, committed 8064K, reserved 1048576K
GC Heap History (20 events):
Event: 8.072 GC heap before
{Heap before GC invocations=12 (full 0):
 garbage-first heap   total 58368K, used 45798K [0x00000000a1e00000, 0x0000000100000000)
  region size 1024K, 32 young (32768K), 2 survivors (2048K)
 Metaspace       used 26649K, capacity 27778K, committed 28032K, reserved 1073152K
  class space    used 3483K, capacity 3897K, committed 3968K, reserved 1048576K
}
Event: 8.081 GC heap after
{Heap after GC invocations=13 (full 0):
 garbage-first heap   total 58368K, used 16436K [0x00000000a1e00000, 0x0000000100000000)
  region size 1024K, 2 young (2048K), 2 survivors (2048K)
 Metaspace       used 26649K, capacity 27778K, committed 28032K, reserved 1073152K
  class space    used 3483K, capacity 3897K, committed 3968K, reserved 1048576K
}
Event: 8.575 GC heap before
{Heap before GC invocations=13 (full 0):
 garbage-first heap   total 58368K, used 46132K [0x00000000a1e00000, 0x0000000100000000)
  region size 1024K, 32 young (32768K), 2 survivors (2048K)
 Metaspace       used 29377K, capacity 30462K, committed 30592K, reserved 1075200K
  class space    used 3724K, capacity 4130K, committed 4224K, reserved 1048576K
}
Event: 8.582 GC heap after
{Heap after GC invocations=14 (full 0):
 garbage-first heap   total 58368K, used 17606K [0x00000000a1e00000, 0x0000000100000000)
  region size 1024K, 3 young (3072K), 3 survivors (3072K)
 Metaspace       used 29377K, capacity 30462K, committed 30592K, reserved 1075200K
  class space    used 3724K, capacity 4130K, committed 4224K, reserved 1048576K
}
Event: 9.146 GC heap before
{Heap before GC invocations=14 (full 0):
 garbage-first heap   total 58368K, used 46278K [0x00000000a1e00000, 0x0000000100000000)
  region size 1024K, 32 young (32768K), 3 survivors (3072K)
 Metaspace       used 31694K, capacity 32785K, committed 32896K, reserved 1077248K
  class space    used 4028K, capacity 4412K, committed 4480K, reserved 1048576K
}
Event: 9.155 GC heap after
{Heap after GC invocations=15 (full 0):
 garbage-first heap   total 70656K, used 18135K [0x00000000a1e00000, 0x0000000100000000)
  region size 1024K, 3 young (3072K), 3 survivors (3072K)
 Metaspace       used 31694K, capacity 32785K, committed 32896K, reserved 1077248K
  class space    used 4028K, capacity 4412K, committed 4480K, reserved 1048576K
}
Event: 9.828 GC heap before
{Heap before GC invocations=15 (full 0):
 garbage-first heap   total 70656K, used 52951K [0x00000000a1e00000, 0x0000000100000000)
  region size 1024K, 38 young (38912K), 3 survivors (3072K)
 Metaspace       used 34580K, capacity 35729K, committed 35840K, reserved 1079296K
  class space    used 4565K, capacity 5009K, committed 5120K, reserved 1048576K
}
Event: 9.833 GC heap after
{Heap after GC invocations=16 (full 0):
 garbage-first heap   total 70656K, used 18651K [0x00000000a1e00000, 0x0000000100000000)
  region size 1024K, 3 young (3072K), 3 survivors (3072K)
 Metaspace       used 34580K, capacity 35729K, committed 35840K, reserved 1079296K
  class space    used 4565K, capacity 5009K, committed 5120K, reserved 1048576K
}
Event: 11.225 GC heap before
{Heap before GC invocations=17 (full 0):
 garbage-first heap   total 70656K, used 56539K [0x00000000a1e00000, 0x0000000100000000)
  region size 1024K, 41 young (41984K), 3 survivors (3072K)
 Metaspace       used 37828K, capacity 39020K, committed 39296K, reserved 1083392K
  class space    used 4963K, capacity 5400K, committed 5504K, reserved 1048576K
}
Event: 11.235 GC heap after
{Heap after GC invocations=18 (full 0):
 garbage-first heap   total 70656K, used 19097K [0x00000000a1e00000, 0x0000000100000000)
  region size 1024K, 4 young (4096K), 4 survivors (4096K)
 Metaspace       used 37828K, capacity 39020K, committed 39296K, reserved 1083392K
  class space    used 4963K, capacity 5400K, committed 5504K, reserved 1048576K
}
Event: 12.048 GC heap before
{Heap before GC invocations=18 (full 0):
 garbage-first heap   total 70656K, used 56985K [0x00000000a1e00000, 0x0000000100000000)
  region size 1024K, 41 young (41984K), 4 survivors (4096K)
 Metaspace       used 40809K, capacity 42024K, committed 42240K, reserved 1085440K
  class space    used 5436K, capacity 5862K, committed 5888K, reserved 1048576K
}
Event: 12.068 GC heap after
{Heap after GC invocations=19 (full 0):
 garbage-first heap   total 70656K, used 19674K [0x00000000a1e00000, 0x0000000100000000)
  region size 1024K, 4 young (4096K), 4 survivors (4096K)
 Metaspace       used 40809K, capacity 42024K, committed 42240K, reserved 1085440K
  class space    used 5436K, capacity 5862K, committed 5888K, reserved 1048576K
}
Event: 13.318 GC heap before
{Heap before GC invocations=19 (full 0):
 garbage-first heap   total 70656K, used 57562K [0x00000000a1e00000, 0x0000000100000000)
  region size 1024K, 41 young (41984K), 4 survivors (4096K)
 Metaspace       used 43459K, capacity 44626K, committed 44672K, reserved 1087488K
  class space    used 5834K, capacity 6259K, committed 6272K, reserved 1048576K
}
Event: 13.335 GC heap after
{Heap after GC invocations=20 (full 0):
 garbage-first heap   total 84992K, used 20305K [0x00000000a1e00000, 0x0000000100000000)
  region size 1024K, 3 young (3072K), 3 survivors (3072K)
 Metaspace       used 43459K, capacity 44626K, committed 44672K, reserved 1087488K
  class space    used 5834K, capacity 6259K, committed 6272K, reserved 1048576K
}
Event: 14.552 GC heap before
{Heap before GC invocations=20 (full 0):
 garbage-first heap   total 84992K, used 67409K [0x00000000a1e00000, 0x0000000100000000)
  region size 1024K, 49 young (50176K), 3 survivors (3072K)
 Metaspace       used 46066K, capacity 47279K, committed 47360K, reserved 1089536K
  class space    used 6175K, capacity 6626K, committed 6656K, reserved 1048576K
}
Event: 14.561 GC heap after
{Heap after GC invocations=21 (full 0):
 garbage-first heap   total 84992K, used 22827K [0x00000000a1e00000, 0x0000000100000000)
  region size 1024K, 6 young (6144K), 6 survivors (6144K)
 Metaspace       used 46066K, capacity 47279K, committed 47360K, reserved 1089536K
  class space    used 6175K, capacity 6626K, committed 6656K, reserved 1048576K
}
Event: 15.433 GC heap before
{Heap before GC invocations=21 (full 0):
 garbage-first heap   total 84992K, used 66859K [0x00000000a1e00000, 0x0000000100000000)
  region size 1024K, 49 young (50176K), 6 survivors (6144K)
 Metaspace       used 49225K, capacity 50616K, committed 50688K, reserved 1093632K
  class space    used 6630K, capacity 7137K, committed 7168K, reserved 1048576K
}
Event: 15.445 GC heap after
{Heap after GC invocations=22 (full 0):
 garbage-first heap   total 84992K, used 24544K [0x00000000a1e00000, 0x0000000100000000)
  region size 1024K, 5 young (5120K), 5 survivors (5120K)
 Metaspace       used 49225K, capacity 50616K, committed 50688K, reserved 1093632K
  class space    used 6630K, capacity 7137K, committed 7168K, reserved 1048576K
}
Event: 94.800 GC heap before
{Heap before GC invocations=22 (full 0):
 garbage-first heap   total 84992K, used 69600K [0x00000000a1e00000, 0x0000000100000000)
  region size 1024K, 49 young (50176K), 5 survivors (5120K)
 Metaspace       used 52576K, capacity 54147K, committed 54272K, reserved 1095680K
  class space    used 7094K, capacity 7653K, committed 7680K, reserved 1048576K
}
Event: 94.814 GC heap after
{Heap after GC invocations=23 (full 0):
 garbage-first heap   total 84992K, used 25996K [0x00000000a1e00000, 0x0000000100000000)
  region size 1024K, 4 young (4096K), 4 survivors (4096K)
 Metaspace       used 52576K, capacity 54147K, committed 54272K, reserved 1095680K
  class space    used 7094K, capacity 7653K, committed 7680K, reserved 1048576K
}

